2020-12-06 23:13:29,196 INFO [root] [Document_process.py(send_text_flow:65)] - 点击公文管理
2020-12-06 23:13:30,273 INFO [root] [Document_process.py(send_text_flow:68)] - 切换iframe到左边菜单
2020-12-06 23:13:30,303 INFO [root] [Document_process.py(send_text_flow:70)] - 点击发文管理
2020-12-06 23:13:31,396 INFO [root] [Document_process.py(send_text_flow:73)] - 点击发文拟稿
2020-12-06 23:13:32,467 INFO [root] [Document_process.py(send_text_flow:76)] - 切换到上一层iframe
2020-12-06 23:13:33,470 INFO [root] [Document_process.py(send_text_flow:79)] - 切换iframe到右边菜单
2020-12-06 23:13:33,541 INFO [root] [Document_process.py(send_text_flow:81)] - 输入标题
2020-12-06 23:13:33,663 INFO [root] [Document_process.py(send_text_flow:83)] - 双击主送单位输入框
2020-12-06 23:13:55,318 INFO [root] [Document_process.py(send_text_flow:65)] - 点击公文管理
2020-12-06 23:22:40,030 INFO [root] [Document_process.py(send_text_flow:65)] - 点击公文管理
2020-12-06 23:22:41,075 INFO [root] [Document_process.py(send_text_flow:68)] - 切换iframe到左边菜单
2020-12-06 23:22:41,135 INFO [root] [Document_process.py(send_text_flow:70)] - 点击发文管理
2020-12-06 23:22:42,245 INFO [root] [Document_process.py(send_text_flow:73)] - 点击发文拟稿
2020-12-06 23:22:43,344 INFO [root] [Document_process.py(send_text_flow:76)] - 切换到上一层iframe
2020-12-06 23:22:44,349 INFO [root] [Document_process.py(send_text_flow:79)] - 切换iframe到右边菜单
2020-12-06 23:22:44,407 INFO [root] [Document_process.py(send_text_flow:81)] - 输入标题
2020-12-06 23:22:44,487 INFO [root] [Document_process.py(send_text_flow:83)] - 双击主送单位输入框
2020-12-06 23:23:05,925 INFO [root] [Document_process.py(send_text_flow:65)] - 点击公文管理
2020-12-06 23:25:49,548 INFO [root] [Document_process.py(send_text_flow:66)] - 点击公文管理
2020-12-06 23:25:50,587 INFO [root] [Document_process.py(send_text_flow:69)] - 切换iframe到左边菜单
2020-12-06 23:25:50,677 INFO [root] [Document_process.py(send_text_flow:71)] - 点击发文管理
2020-12-06 23:25:51,751 INFO [root] [Document_process.py(send_text_flow:74)] - 点击发文拟稿
2020-12-06 23:25:52,755 INFO [root] [Document_process.py(send_text_flow:77)] - 切换到上一层iframe
2020-12-06 23:25:53,828 INFO [root] [Document_process.py(send_text_flow:80)] - 切换iframe到右边菜单
2020-12-06 23:25:53,918 INFO [root] [Document_process.py(send_text_flow:82)] - 输入标题
2020-12-06 23:25:54,258 INFO [root] [Document_process.py(send_text_flow:84)] - 双击主送单位输入框
